This is pdfTeX, Version 3.14159265-2.6-1.40.16 (TeX Live 2015/Arch Linux) (preloaded format=latex 2015.12.7)  23 FEB 2016 01:23
entering extended mode
 restricted \write18 enabled.
 %&-line parsing enabled.
**\makeatletter\def\HCode{\futurelet\HCode\HChar}\def\HChar{\ifx"\HCode\def\HCo
de"##1"{\Link##1}\expandafter\HCode\else\expandafter\Link\fi}\def\Link#1.a.b.c.
{\g@addto@macro\@documentclasshook{\RequirePackage[#1,html]{tex4ht}}\let\HCode\
documentstyle\def\documentstyle{\let\documentstyle\HCode\expandafter\def\csname
 tex4ht\endcsname{#1,html}\def\HCode####1{\documentstyle[tex4ht,}\@ifnextchar[{
\HCode}{\documentstyle[tex4ht]}}}\makeatother\HCode .a.b.c.\input  Manual.tex
(./Manual.tex (/usr/share/texmf-dist/tex/latex/base/article.cls
Document Class: article 2014/09/29 v1.4h Standard LaTeX document class
(/usr/share/texmf-dist/tex/latex/base/size11.clo
File: size11.clo 2014/09/29 v1.4h Standard LaTeX file (size option)
)
\c@part=\count79
\c@section=\count80
\c@subsection=\count81
\c@subsubsection=\count82
\c@paragraph=\count83
\c@subparagraph=\count84
\c@figure=\count85
\c@table=\count86
\abovecaptionskip=\skip41
\belowcaptionskip=\skip42
\bibindent=\dimen102
)
(/usr/share/texmf-dist/tex/generic/tex4ht/tex4ht.sty
version 2008-10-27-17:23
Package: tex4ht 
--------------------------------------
--- Note --- for _ at preamble, use the command line option `early_'
--------------------------------------
--------------------------------------
--- Note --- for ^ at preamble, use the command line option `early^'
--------------------------------------
\tmp:toks=\toks14
)
(/usr/share/texmf-dist/tex/generic/tex4ht/usepackage.4ht
version 2009-05-21-09:32
)
(/usr/share/texmf-dist/tex/latex/amsmath/amsmath.sty
Package: amsmath 2013/01/14 v2.14 AMS math features
\@mathmargin=\skip43

For additional information on amsmath, use the `?' option.
(/usr/share/texmf-dist/tex/latex/amsmath/amstext.sty
Package: amstext 2000/06/29 v2.01

(/usr/share/texmf-dist/tex/latex/amsmath/amsgen.sty
File: amsgen.sty 1999/11/30 v2.0
\@emptytoks=\toks15
\ex@=\dimen103
))
(/usr/share/texmf-dist/tex/latex/amsmath/amsbsy.sty
Package: amsbsy 1999/11/29 v1.2d
\pmbraise@=\dimen104
)
(/usr/share/texmf-dist/tex/latex/amsmath/amsopn.sty
Package: amsopn 1999/12/14 v2.01 operator names
)
\inf@bad=\count87
LaTeX Info: Redefining \frac on input line 210.
\uproot@=\count88
\leftroot@=\count89
LaTeX Info: Redefining \overline on input line 306.
\classnum@=\count90
\DOTSCASE@=\count91
LaTeX Info: Redefining \ldots on input line 378.
LaTeX Info: Redefining \dots on input line 381.
LaTeX Info: Redefining \cdots on input line 466.
\Mathstrutbox@=\box26
\strutbox@=\box27
\big@size=\dimen105
LaTeX Font Info:    Redeclaring font encoding OML on input line 566.
LaTeX Font Info:    Redeclaring font encoding OMS on input line 567.
\macc@depth=\count92
\c@MaxMatrixCols=\count93
\dotsspace@=\muskip10
\c@parentequation=\count94
\dspbrk@lvl=\count95
\tag@help=\toks16
\row@=\count96
\column@=\count97
\maxfields@=\count98
\andhelp@=\toks17
\eqnshift@=\dimen106
\alignsep@=\dimen107
\tagshift@=\dimen108
\tagwidth@=\dimen109
\totwidth@=\dimen110
\lineht@=\dimen111
\@envbody=\toks18
\multlinegap=\skip44
\multlinetaggap=\skip45
\mathdisplay@stack=\toks19
LaTeX Info: Redefining \[ on input line 2665.
LaTeX Info: Redefining \] on input line 2666.
)
(/usr/share/texmf-dist/tex/latex/amsfonts/amssymb.sty
Package: amssymb 2013/01/14 v3.01 AMS font symbols

(/usr/share/texmf-dist/tex/latex/amsfonts/amsfonts.sty
Package: amsfonts 2013/01/14 v3.01 Basic AMSFonts support
\symAMSa=\mathgroup4
\symAMSb=\mathgroup5
LaTeX Font Info:    Overwriting math alphabet `\mathfrak' in version `bold'
(Font)                  U/euf/m/n --> U/euf/b/n on input line 106.
))
(/usr/share/texmf-dist/tex/latex/base/makeidx.sty
Package: makeidx 2014/09/29 v1.0m Standard LaTeX package
)
(/usr/share/texmf-dist/tex/latex/graphics/graphicx.sty
Package: graphicx 2014/10/28 v1.0g Enhanced LaTeX Graphics (DPC,SPQR)

(/usr/share/texmf-dist/tex/latex/graphics/keyval.sty
Package: keyval 2014/10/28 v1.15 key=value parser (DPC)
\KV@toks@=\toks20
)
(/usr/share/texmf-dist/tex/latex/graphics/graphics.sty
Package: graphics 2014/10/28 v1.0p Standard LaTeX Graphics (DPC,SPQR)

(/usr/share/texmf-dist/tex/latex/graphics/trig.sty
Package: trig 1999/03/16 v1.09 sin cos tan (DPC)
)
(/usr/share/texmf-dist/tex/latex/latexconfig/graphics.cfg
File: graphics.cfg 2010/04/23 v1.9 graphics configuration of TeX Live
)
Package graphics Info: Driver file: dvips.def on input line 94.

(/usr/share/texmf-dist/tex/latex/graphics/dvips.def
File: dvips.def 2014/10/14 v3.0j Driver-dependent file (DPC,SPQR)
))
\Gin@req@height=\dimen112
\Gin@req@width=\dimen113
)
(/usr/share/texmf-dist/tex/latex/hyperref/hyperref.sty
Package: hyperref 2012/11/06 v6.83m Hypertext links for LaTeX

(/usr/share/texmf-dist/tex/generic/oberdiek/hobsub-hyperref.sty
Package: hobsub-hyperref 2012/05/28 v1.13 Bundle oberdiek, subset hyperref (HO)


(/usr/share/texmf-dist/tex/generic/oberdiek/hobsub-generic.sty
Package: hobsub-generic 2012/05/28 v1.13 Bundle oberdiek, subset generic (HO)
Package: hobsub 2012/05/28 v1.13 Construct package bundles (HO)
Package: infwarerr 2010/04/08 v1.3 Providing info/warning/error messages (HO)
Package: ltxcmds 2011/11/09 v1.22 LaTeX kernel commands for general use (HO)
Package: ifluatex 2010/03/01 v1.3 Provides the ifluatex switch (HO)
Package ifluatex Info: LuaTeX not detected.
Package: ifvtex 2010/03/01 v1.5 Detect VTeX and its facilities (HO)
Package ifvtex Info: VTeX not detected.
Package: intcalc 2007/09/27 v1.1 Expandable calculations with integers (HO)
Package: ifpdf 2011/01/30 v2.3 Provides the ifpdf switch (HO)
Package ifpdf Info: pdfTeX in PDF mode is not detected.
Package: etexcmds 2011/02/16 v1.5 Avoid name clashes with e-TeX commands (HO)
Package etexcmds Info: Could not find \expanded.
(etexcmds)             That can mean that you are not using pdfTeX 1.50 or
(etexcmds)             that some package has redefined \expanded.
(etexcmds)             In the latter case, load this package earlier.
Package: kvsetkeys 2012/04/25 v1.16 Key value parser (HO)
Package: kvdefinekeys 2011/04/07 v1.3 Define keys (HO)
Package: pdftexcmds 2011/11/29 v0.20 Utility functions of pdfTeX for LuaTeX (HO
)
Package pdftexcmds Info: LuaTeX not detected.
Package pdftexcmds Info: \pdf@primitive is available.
Package pdftexcmds Info: \pdf@ifprimitive is available.
Package pdftexcmds Info: \pdfdraftmode is ignored in DVI mode.
Package: pdfescape 2011/11/25 v1.13 Implements pdfTeX's escape features (HO)
Package: bigintcalc 2012/04/08 v1.3 Expandable calculations on big integers (HO
)
Package: bitset 2011/01/30 v1.1 Handle bit-vector datatype (HO)
Package: uniquecounter 2011/01/30 v1.2 Provide unlimited unique counter (HO)
)
Package hobsub Info: Skipping package `hobsub' (already loaded).
Package: letltxmacro 2010/09/02 v1.4 Let assignment for LaTeX macros (HO)
Package: hopatch 2012/05/28 v1.2 Wrapper for package hooks (HO)
Package: xcolor-patch 2011/01/30 xcolor patch
Package: atveryend 2011/06/30 v1.8 Hooks at the very end of document (HO)
Package atveryend Info: \enddocument detected (standard20110627).
Package: atbegshi 2011/10/05 v1.16 At begin shipout hook (HO)
Package: refcount 2011/10/16 v3.4 Data extraction from label references (HO)
Package: hycolor 2011/01/30 v1.7 Color options for hyperref/bookmark (HO)
)
(/usr/share/texmf-dist/tex/generic/ifxetex/ifxetex.sty
Package: ifxetex 2010/09/12 v0.6 Provides ifxetex conditional
)
(/usr/share/texmf-dist/tex/latex/oberdiek/auxhook.sty
Package: auxhook 2011/03/04 v1.3 Hooks for auxiliary files (HO)


Package auxhook Warning: Cannot patch \document,
(auxhook)                using \AtBeginDocument instead.

) (/usr/share/texmf-dist/tex/latex/oberdiek/kvoptions.sty
Package: kvoptions 2011/06/30 v3.11 Key value format for package options (HO)
)
\@linkdim=\dimen114
\Hy@linkcounter=\count99
\Hy@pagecounter=\count100

(/usr/share/texmf-dist/tex/latex/hyperref/pd1enc.def
File: pd1enc.def 2012/11/06 v6.83m Hyperref: PDFDocEncoding definition (HO)
)
\Hy@SavedSpaceFactor=\count101

(/usr/share/texmf-dist/tex/latex/latexconfig/hyperref.cfg
File: hyperref.cfg 2002/06/06 v1.2 hyperref configuration of TeXLive
)
Package hyperref Info: Option `colorlinks' set `true' on input line 4319.
Package hyperref Info: Option `colorlinks' set `true' on input line 4319.
Package hyperref Info: Hyper figures OFF on input line 4443.
Package hyperref Info: Link nesting OFF on input line 4448.
Package hyperref Info: Hyper index ON on input line 4451.
Package hyperref Info: Plain pages OFF on input line 4458.
Package hyperref Info: Backreferencing OFF on input line 4463.
Package hyperref Info: Implicit mode ON; LaTeX internals redefined.
Package hyperref Info: Bookmarks ON on input line 4688.
\c@Hy@tempcnt=\count102

(/usr/share/texmf-dist/tex/latex/url/url.sty
\Urlmuskip=\muskip11
Package: url 2013/09/16  ver 3.4  Verb mode for urls, etc.
)
LaTeX Info: Redefining \url on input line 5041.
\XeTeXLinkMargin=\dimen115
\Fld@menulength=\count103
\Field@Width=\dimen116
\Fld@charsize=\dimen117
\Field@toks=\toks21
Package hyperref Info: Hyper figures OFF on input line 6295.
Package hyperref Info: Link nesting OFF on input line 6300.
Package hyperref Info: Hyper index ON on input line 6303.
Package hyperref Info: backreferencing OFF on input line 6310.
Package hyperref Info: Link coloring ON on input line 6313.
Package hyperref Info: Link coloring with OCG OFF on input line 6320.
Package hyperref Info: PDF/A mode OFF on input line 6325.
LaTeX Info: Redefining \ref on input line 6365.
LaTeX Info: Redefining \pageref on input line 6369.
\Hy@abspage=\count104


Package hyperref Message: Stopped early.

)

Package hyperref Message: Driver: htex4ht.

(/usr/share/texmf-dist/tex/latex/hyperref/htex4ht.def
File: htex4ht.def 2012/11/06 v6.83m Hyperref driver for TeX4ht
Package hyperref Info: tex4ht is already loaded.
)
(/usr/share/texmf-dist/tex/latex/psnfss/pifont.sty
Package: pifont 2005/04/12 PSNFSS-v9.2a Pi font support (SPQR) 
LaTeX Font Info:    Try loading font information for U+pzd on input line 63.

(/usr/share/texmf-dist/tex/latex/psnfss/upzd.fd
File: upzd.fd 2001/06/04 font definitions for U/pzd.
)
LaTeX Font Info:    Try loading font information for U+psy on input line 64.

(/usr/share/texmf-dist/tex/latex/psnfss/upsy.fd
File: upsy.fd 2001/06/04 font definitions for U/psy.
))
(/usr/share/texmf-dist/tex/latex/listings/listings.sty
\lst@mode=\count105
\lst@gtempboxa=\box28
\lst@token=\toks22
\lst@length=\count106
\lst@currlwidth=\dimen118
\lst@column=\count107
\lst@pos=\count108
\lst@lostspace=\dimen119
\lst@width=\dimen120
\lst@newlines=\count109
\lst@lineno=\count110
\lst@maxwidth=\dimen121

(/usr/share/texmf-dist/tex/latex/listings/lstmisc.sty
File: lstmisc.sty 2015/06/04 1.6 (Carsten Heinz)
\c@lstnumber=\count111
\lst@skipnumbers=\count112
\lst@framebox=\box29
)
(/usr/share/texmf-dist/tex/latex/listings/listings.cfg
File: listings.cfg 2015/06/04 1.6 listings configuration
))
Package: listings 2015/06/04 1.6 (Carsten Heinz)

(/usr/share/texmf-dist/tex/latex/xcolor/xcolor.sty
Package: xcolor 2007/01/21 v2.11 LaTeX color extensions (UK)

(/usr/share/texmf-dist/tex/latex/latexconfig/color.cfg
File: color.cfg 2007/01/18 v1.5 color configuration of teTeX/TeXLive
)
Package xcolor Info: Driver file: dvips.def on input line 225.
Package xcolor Info: Model `cmy' substituted by `cmy0' on input line 1337.
Package xcolor Info: Model `RGB' extended on input line 1353.
Package xcolor Info: Model `HTML' substituted by `rgb' on input line 1355.
Package xcolor Info: Model `Hsb' substituted by `hsb' on input line 1356.
Package xcolor Info: Model `tHsb' substituted by `hsb' on input line 1357.
Package xcolor Info: Model `HSB' substituted by `hsb' on input line 1358.
Package xcolor Info: Model `Gray' substituted by `gray' on input line 1359.
Package xcolor Info: Model `wave' substituted by `hsb' on input line 1360.
)
(/usr/share/texmf-dist/tex/latex/geometry/geometry.sty
Package: geometry 2010/09/12 v5.6 Page Geometry
\Gm@cnth=\count113
\Gm@cntv=\count114
\c@Gm@tempcnt=\count115
\Gm@bindingoffset=\dimen122
\Gm@wd@mp=\dimen123
\Gm@odd@mp=\dimen124
\Gm@even@mp=\dimen125
\Gm@layoutwidth=\dimen126
\Gm@layoutheight=\dimen127
\Gm@layouthoffset=\dimen128
\Gm@layoutvoffset=\dimen129
\Gm@dimlist=\toks23
)
(/usr/share/texmf-dist/tex/latex/tools/indentfirst.sty
Package: indentfirst 1995/11/23 v1.03 Indent first paragraph (DPC)
)
(/usr/share/texmf-dist/tex/generic/tex4ht/tex4ht.4ht
version 2009-01-07-07:11
--------------------------------------
--- Note --- for additional information, use the command line option `info'
--------------------------------------

::::::::::::::::::::::::::::::::::::::::::
 TeX4ht info is available in the log file 
::::::::::::::::::::::::::::::::::::::::::
) (/usr/share/texmf-dist/tex/generic/tex4ht/tex4ht.sty
version 2008-10-27-17:23

--- needs --- tex4ht Manual ---
\tmp:cnt=\count116
\openout15 = `Manual.tmp'.

(./Manual.tmp)
\tmp:dim=\skip46
--------------------------------------
--- Note --- for XML code, use the command line option `xml' or `xhtml'
--------------------------------------
 (./Manual.xref)
\:refout=\write3
\openout3 = `Manual.xref'.


(/usr/share/texmf-dist/tex/generic/tex4ht/html4.4ht
version 2015-09-29-15:23
--------------------------------------
--- Note --- to remove the <?xml version=...?> processing instruction use the c
ommand line option `no-VERSION'
--------------------------------------
--------------------------------------
--- Note --- to remove the DOCTYPE declaration use the command line option `no-
DOCTYPE'
--------------------------------------
)
(/usr/share/texmf-dist/tex/generic/tex4ht/html4-math.4ht
version 2009-05-18-23:01
)
--------------------------------------
--- Note --- for marking of the base font, use the command line option `fonts+'

--------------------------------------
--------------------------------------
--- Note --- for non active _, use the command line option `no_'
--------------------------------------
--------------------------------------
--- Note --- for _ of catcode 13, use the command line option `_13'
--------------------------------------
--------------------------------------
--- Note --- for non active ^, use the command line option `no^'
--------------------------------------
--------------------------------------
--- Note --- for ^ of catcode 13, use the command line option `^13'
--------------------------------------

(/usr/share/texmf-dist/tex/generic/tex4ht/html4.4ht
version 2015-09-29-15:23
--------------------------------------
--- Note --- for alternative charset, use the command line option `charset=...'

--------------------------------------
--------------------------------------
--- Note --- to ignore CSS font decoration, use the `NoFonts' command line opti
on
--------------------------------------
--------------------------------------
--- Note --- for jpg bitmaps of pictures, use the `jpg' command line option. (C
haracter bitmaps are controled only by `g' records of tex4ht.env and `-g' switc
hes of tex4ht.c) 
--------------------------------------
--------------------------------------
--- Note --- for gif bitmaps of pictures, use the `gif' command line option. (C
haracter bitmaps are controled only by `g' records of tex4ht.env and `-g' switc
hes of tex4ht.c) 
--------------------------------------
--------------------------------------
--- Note --- for content and toc in 2 frames, use the command line option `fram
es'
--------------------------------------
--------------------------------------
--- Note --- for content, toc, and footnotes in 3 frames, use the command line 
option `frames-fn'
--------------------------------------
--------------------------------------
--- Note --- for file extension name xht, use the command line option `xht'
--------------------------------------
TeX4ht package options: html
--------------------------------------
--- Note --- to ignore CSS code, use the command line option `-css
--------------------------------------
--------------------------------------
--- Note --- for inline CSS code, use the command line option `css-in'
--------------------------------------
--------------------------------------
--- Note --- for pop ups on mouse over, use the command line option `mouseover'

--------------------------------------
--------------------------------------
--- Note --- for addressing images in a subdirectory, use the command line opti
on `imgdir:.../'
--------------------------------------
)
(/usr/share/texmf-dist/tex/generic/tex4ht/html4-math.4ht
version 2009-05-18-23:01
)
\:tokwrite=\toks24
\:tokpage=\toks25
--------------------------------------
--- Note --- for back links to toc, use the command line option `sections+'
--------------------------------------
--------------------------------------
--- Note --- for linear crosslinks of pages, use the command line option `next'

--------------------------------------
\openout15 = `Manual.4ct'.

\:tocout=\write4
\openout4 = `Manual.4tc'.


(/usr/share/texmf-dist/tex/generic/tex4ht/html4.4ht
version 2015-09-29-15:23
)
(/usr/share/texmf-dist/tex/generic/tex4ht/html4-math.4ht
version 2009-05-18-23:01
)
(/usr/share/texmf-dist/tex/generic/tex4ht/latex.4ht
version 2009-05-21-09:32
--------------------------------------
--- Note --- for links into captions, instead of float heads, use the command l
ine option `refcaption'
--------------------------------------

(/usr/share/texmf-dist/tex/generic/tex4ht/html4.4ht
version 2015-09-29-15:23
--------------------------------------
--- Note --- For mini tocs immediately aftter the header use the command line o
ption `minitoc<'
--------------------------------------
--------------------------------------
--- Note --- for enumerated list elements with valued data, use the command lin
e option `enumerate+'
--------------------------------------
--------------------------------------
--- Note --- for enumerated list elements li's with value attributes, use the c
ommand line option `enumerate-'
--------------------------------------
--------------------------------------
--- Note --- for CSS2 code, use the command line option `css2'
--------------------------------------
--------------------------------------
--- Note --- for pictorial tabular, use the command line option `pic-tabular'
--------------------------------------
--------------------------------------
--- Note --- for bitmap fbox'es, use the command line option `pic-fbox'
--------------------------------------
--------------------------------------
--- Note --- for bitmap framebox'es, use the command line option `pic-framebox'

--------------------------------------
--------------------------------------
--- Note --- for inline footnotes use command line option `fn-in'
--------------------------------------
--------------------------------------
--- Note --- for tracing of latex font commands, use the command line option `f
onts'
--------------------------------------
--------------------------------------
--- Note --- for width specifications of tabular p entries, use the `p-width' c
ommand line option or a configuration similar to \Configure{HColWidth}{\HCode{ 
style="width:\HColWidth"}}
--------------------------------------
)
(/usr/share/texmf-dist/tex/generic/tex4ht/html4-math.4ht
version 2009-05-18-23:01
--------------------------------------
--- Note --- for pictorial eqnarray, use the command line option `pic-eqnarray'

--------------------------------------
--------------------------------------
--- Note --- for pictorial array, use the command line option `pic-array'
--------------------------------------
--------------------------------------
--- Note --- for pictorial $...$ environments, use the command line option `pic
-m' (not recommended!!)
--------------------------------------
--------------------------------------
--- Note --- for pictorial $...$ and $$...$$ environments with latex alt, use t
he command line option `pic-m+' (not safe!!)
--------------------------------------
--------------------------------------
--- Note --- for pictorial array, use the command line option `pic-array'
--------------------------------------
))
(/usr/share/texmf-dist/tex/generic/tex4ht/fontmath.4ht
version 2009-05-21-09:32

(/usr/share/texmf-dist/tex/generic/tex4ht/html4.4ht
version 2015-09-29-15:23
)
(/usr/share/texmf-dist/tex/generic/tex4ht/html4-math.4ht
version 2009-05-18-23:01
))
(/usr/share/texmf-dist/tex/generic/tex4ht/article.4ht
version 2009-05-21-09:32

(/usr/share/texmf-dist/tex/generic/tex4ht/html4.4ht
version 2015-09-29-15:23
--------------------------------------
--- Note --- for automatic sectioning pagination, use the command line option `
1', `2', `3', '4', '5', '6', or '7'
--------------------------------------
--------------------------------------
--- Note --- for files named derived from section titles, use the command line 
option `sec-filename'
--------------------------------------
--------------------------------------
--- Note --- for i-columns index, use the command line option `index=i' (e.g., 
index=2)
--------------------------------------
)
(/usr/share/texmf-dist/tex/generic/tex4ht/html4-math.4ht
version 2009-05-18-23:01
))
(/usr/share/texmf-dist/tex/generic/tex4ht/amsmath.4ht
version 2009-05-21-09:32
\tmp:muskip=\muskip12

(/usr/share/texmf-dist/tex/generic/tex4ht/html4.4ht
version 2015-09-29-15:23
)
(/usr/share/texmf-dist/tex/generic/tex4ht/html4-math.4ht
version 2009-05-18-23:01
))
(/usr/share/texmf-dist/tex/generic/tex4ht/amstext.4ht
version 2009-05-21-09:32

(/usr/share/texmf-dist/tex/generic/tex4ht/html4.4ht
version 2015-09-29-15:23
)
(/usr/share/texmf-dist/tex/generic/tex4ht/html4-math.4ht
version 2009-05-18-23:01
))
(/usr/share/texmf-dist/tex/generic/tex4ht/amsbsy.4ht
version 2009-05-21-09:32

(/usr/share/texmf-dist/tex/generic/tex4ht/html4.4ht
version 2015-09-29-15:23
)
(/usr/share/texmf-dist/tex/generic/tex4ht/html4-math.4ht
version 2009-05-18-23:01
))
(/usr/share/texmf-dist/tex/generic/tex4ht/amsopn.4ht
version 2009-05-21-09:32

(/usr/share/texmf-dist/tex/generic/tex4ht/html4.4ht
version 2015-09-29-15:23
)
(/usr/share/texmf-dist/tex/generic/tex4ht/html4-math.4ht
version 2009-05-18-23:01
))
(/usr/share/texmf-dist/tex/generic/tex4ht/amssymb.4ht
version 2009-05-21-09:32

(/usr/share/texmf-dist/tex/generic/tex4ht/html4.4ht
version 2015-09-29-15:23
)
(/usr/share/texmf-dist/tex/generic/tex4ht/html4-math.4ht
version 2009-05-18-23:01
))
(/usr/share/texmf-dist/tex/generic/tex4ht/amsfonts.4ht
version 2009-05-21-09:32

(/usr/share/texmf-dist/tex/generic/tex4ht/html4.4ht
version 2015-09-29-15:23
)
(/usr/share/texmf-dist/tex/generic/tex4ht/html4-math.4ht
version 2009-05-18-23:01
))
(/usr/share/texmf-dist/tex/generic/tex4ht/makeidx.4ht
version 2009-05-21-09:32

(/usr/share/texmf-dist/tex/generic/tex4ht/html4.4ht
version 2015-09-29-15:23
)
(/usr/share/texmf-dist/tex/generic/tex4ht/html4-math.4ht
version 2009-05-18-23:01
))
(/usr/share/texmf-dist/tex/generic/tex4ht/graphicx.4ht
version 2015-08-05-15:37

(/usr/share/texmf-dist/tex/generic/tex4ht/html4.4ht
version 2015-09-29-15:23
)
(/usr/share/texmf-dist/tex/generic/tex4ht/html4-math.4ht
version 2009-05-18-23:01
))
(/usr/share/texmf-dist/tex/generic/tex4ht/graphics.4ht
version 2009-05-21-09:32

(/usr/share/texmf-dist/tex/generic/tex4ht/html4.4ht
version 2015-09-29-15:23
--------------------------------------
--- Note --- if included graphics are of degraded quality, try the command line
 options `graphics-num' or `graphics-'. The `num' should provide the density of
 pixels in the bitmaps (e.g., 110). 
--------------------------------------
--------------------------------------
--- Note --- for key dimensions try the option `Gin-dim'; for key dimensions wh
en bounding box is unavailable try `Gin-dim+'; neither is recommended
--------------------------------------
)
(/usr/share/texmf-dist/tex/generic/tex4ht/html4-math.4ht
version 2009-05-18-23:01
))
(/usr/share/texmf-dist/tex/generic/tex4ht/dvips.4ht
version 2009-05-21-09:32

(/usr/share/texmf-dist/tex/generic/tex4ht/html4.4ht
version 2015-09-29-15:23
)
(/usr/share/texmf-dist/tex/generic/tex4ht/html4-math.4ht
version 2009-05-18-23:01
))
(/usr/share/texmf-dist/tex/generic/tex4ht/hyperref.4ht
version 2011-01-30-16:01

(/usr/share/texmf-dist/tex/latex/hyperref/nameref.sty
Package: nameref 2012/10/27 v2.43 Cross-referencing by name of section

(/usr/share/texmf-dist/tex/generic/oberdiek/gettitlestring.sty
Package: gettitlestring 2010/12/03 v1.4 Cleanup title references (HO)
)
\c@section@level=\count117
)
(/usr/share/texmf-dist/tex/generic/tex4ht/nameref.4ht
version 2013-06-28-15:01

(/usr/share/texmf-dist/tex/generic/tex4ht/html4.4ht
version 2015-09-29-15:23
)
(/usr/share/texmf-dist/tex/generic/tex4ht/html4-math.4ht
version 2009-05-18-23:01
))
LaTeX Info: Redefining \autoref on input line 100.
\Hy@SectionHShift=\skip47

(/usr/share/texmf-dist/tex/generic/tex4ht/html4.4ht
version 2015-09-29-15:23
)
(/usr/share/texmf-dist/tex/generic/tex4ht/html4-math.4ht
version 2009-05-18-23:01
))
(/usr/share/texmf-dist/tex/generic/tex4ht/pd1enc.4ht
version 2009-05-21-09:32

(/usr/share/texmf-dist/tex/generic/tex4ht/html4.4ht
version 2015-09-29-15:23
)
(/usr/share/texmf-dist/tex/generic/tex4ht/html4-math.4ht
version 2009-05-18-23:01
))
(/usr/share/texmf-dist/tex/generic/tex4ht/url.4ht
version 2009-05-21-09:32

(/usr/share/texmf-dist/tex/generic/tex4ht/html4.4ht
version 2015-09-29-15:23
--------------------------------------
--- Note --- for URL encoding within href use the command line option `url-enc'

--------------------------------------
)
(/usr/share/texmf-dist/tex/generic/tex4ht/html4-math.4ht
version 2009-05-18-23:01
))
(/usr/share/texmf-dist/tex/generic/tex4ht/pifont.4ht
version 2009-05-21-09:32

(/usr/share/texmf-dist/tex/generic/tex4ht/html4.4ht
version 2015-09-29-15:23
)
(/usr/share/texmf-dist/tex/generic/tex4ht/html4-math.4ht
version 2009-05-18-23:01
))
(/usr/share/texmf-dist/tex/generic/tex4ht/listings.4ht
version 2014-07-13-16:08

(/usr/share/texmf-dist/tex/generic/tex4ht/html4.4ht
version 2015-09-29-15:23
--------------------------------------
--- Note --- to ensure proper alignments use fixed size fonts (see listings.dtx
)
--------------------------------------
)
(/usr/share/texmf-dist/tex/generic/tex4ht/html4-math.4ht
version 2009-05-18-23:01
))
(/usr/share/texmf-dist/tex/generic/tex4ht/xcolor.4ht
version 2009-05-21-09:32

(/usr/share/texmf-dist/tex/generic/tex4ht/color.4ht
version 2009-05-21-09:32

(/usr/share/texmf-dist/tex/generic/tex4ht/html4.4ht
version 2015-09-29-15:23
)
(/usr/share/texmf-dist/tex/generic/tex4ht/html4-math.4ht
version 2009-05-18-23:01
))
(/usr/share/texmf-dist/tex/generic/tex4ht/html4.4ht
version 2015-09-29-15:23
)
(/usr/share/texmf-dist/tex/generic/tex4ht/html4-math.4ht
version 2009-05-18-23:01
))
(/usr/share/texmf-dist/tex/generic/tex4ht/color.4ht
version 2009-05-21-09:32
)
(/usr/share/texmf-dist/tex/generic/tex4ht/html4.4ht
version 2015-09-29-15:23
)
(/usr/share/texmf-dist/tex/generic/tex4ht/html4-math.4ht
version 2009-05-18-23:01
)) (./Manual.aux)
\openout1 = `Manual.aux'.

LaTeX Font Info:    Checking defaults for OML/cmm/m/it on input line 36.
LaTeX Font Info:    ... okay on input line 36.
LaTeX Font Info:    Checking defaults for T1/cmr/m/n on input line 36.
LaTeX Font Info:    ... okay on input line 36.
LaTeX Font Info:    Checking defaults for OT1/cmr/m/n on input line 36.
LaTeX Font Info:    ... okay on input line 36.
LaTeX Font Info:    Checking defaults for OMS/cmsy/m/n on input line 36.
LaTeX Font Info:    ... okay on input line 36.
LaTeX Font Info:    Checking defaults for OMX/cmex/m/n on input line 36.
LaTeX Font Info:    ... okay on input line 36.
LaTeX Font Info:    Checking defaults for U/cmr/m/n on input line 36.
LaTeX Font Info:    ... okay on input line 36.
LaTeX Font Info:    Checking defaults for PD1/pdf/m/n on input line 36.
LaTeX Font Info:    ... okay on input line 36.
\AtBeginShipoutBox=\box30
Package hyperref Info: Link coloring ON on input line 36.
LaTeX Info: Redefining \ref on input line 36.
LaTeX Info: Redefining \pageref on input line 36.
LaTeX Info: Redefining \nameref on input line 36.
\c@lstlisting=\count118

*geometry* driver: auto-detecting
*geometry* detected driver: dvips
*geometry* verbose mode - [ preamble ] result:
* driver: dvips
* paper: <default>
* layout: <same size as paper>
* layoutoffset:(h,v)=(0.0pt,0.0pt)
* modes: 
* h-part:(L,W,R)=(21.90005pt, 570.49489pt, 21.90005pt)
* v-part:(T,H,B)=(95.39737pt, 556.47656pt, 143.09605pt)
* \paperwidth=614.295pt
* \paperheight=794.96999pt
* \textwidth=570.49489pt
* \textheight=556.47656pt
* \oddsidemargin=0.0pt
* \evensidemargin=0.0pt
* \topmargin=-13.87262pt
* \headheight=12.0pt
* \headsep=25.0pt
* \topskip=11.0pt
* \footskip=30.0pt
* \marginparwidth=59.0pt
* \marginparsep=10.0pt
* \columnsep=10.0pt
* \skip\footins=10.0pt plus 4.0pt minus 2.0pt
* \hoffset=0.0pt
* \voffset=0.0pt
* \mag=1000
* \@twocolumnfalse
* \@twosidefalse
* \@mparswitchfalse
* \@reversemarginfalse
* (1in=72.27pt=25.4mm, 1cm=28.453pt)

--- file Manual.css ---
[1

] [2]
LaTeX Font Info:    Try loading font information for U+msa on input line 37.
 (/usr/share/texmf-dist/tex/latex/amsfonts/umsa.fd
File: umsa.fd 2013/01/14 v3.01 AMS symbols A
)
LaTeX Font Info:    Try loading font information for U+msb on input line 37.

(/usr/share/texmf-dist/tex/latex/amsfonts/umsb.fd
File: umsb.fd 2013/01/14 v3.01 AMS symbols B
) (./Manual.4ct [3] [4]
[5] [6]) [7]
LaTeX Font Info:    Try loading font information for OMS+cmr on input line 53.
 (/usr/share/texmf-dist/tex/latex/base/omscmr.fd
File: omscmr.fd 2014/09/29 v2.5h Standard LaTeX font definitions
)
LaTeX Font Info:    Font shape `OMS/cmr/m/n' in size <10.95> not available
(Font)              Font shape `OMS/cmsy/m/n' tried instead on input line 53.
 [8]
LaTeX Font Info:    Try loading font information for OML+cmr on input line 73.

(/usr/share/texmf-dist/tex/latex/base/omlcmr.fd
File: omlcmr.fd 2014/09/29 v2.5h Standard LaTeX font definitions
)
LaTeX Font Info:    Font shape `OML/cmr/m/n' in size <10.95> not available
(Font)              Font shape `OML/cmm/m/it' tried instead on input line 73.
 [9] [10] [11

]
l. 79 Writing Manual.idv[1] (Manual0x.png)
File: SetPath.eps Graphic file (type eps)
 <SetPath.eps>
[12

] [13] [14] [15

] [16

]
l. 97 Writing Manual.idv[2] (Manual1x.png)
File: Starting.eps Graphic file (type eps)
 <Starting.eps> [17

] [18

] [19

]
l. 118 Writing Manual.idv[3] (Manual2x.png)
File: Toolbar_Default.eps Graphic file (type eps)
 <Toolbar_Default.eps>
[20

] [21

] [22

]
l. 126 Writing Manual.idv[4] (Manual3x.png)
File: Toolbar_Manual.eps Graphic file (type eps)
 <Toolbar_Manual.eps> [23

] [24

] [25

]
l. 133 Writing Manual.idv[5] (Manual4x.png)
File: Toolbar_Load.eps Graphic file (type eps)
 <Toolbar_Load.eps> [26

]
[27

] [28

]
l. 140 Writing Manual.idv[6] (Manual5x.png)
File: Toolbar_Save.eps Graphic file (type eps)
 <Toolbar_Save.eps> [29

] [30

] [31

]
l. 147 Writing Manual.idv[7] (Manual6x.png)
File: Toolbar_Run.eps Graphic file (type eps)
 <Toolbar_Run.eps> [32

] [33

]
[34

]
l. 154 Writing Manual.idv[8] (Manual7x.png)
File: Toolbar_Refresh.eps Graphic file (type eps)
 <Toolbar_Refresh.eps> [35

] [36

] [37

]
l. 164 Writing Manual.idv[9] (Manual8x.png)
File: Toolbar_Stop.eps Graphic file (type eps)
 <Toolbar_Stop.eps> [38

] [39

] [40

]
l. 180 Writing Manual.idv[10] (Manual9x.png)
File: InputImage.eps Graphic file (type eps)

<InputImage.eps> [41

] [42

] [43

]
l. 197 Writing Manual.idv[11] (Manual10x.png)
File: NetInput.eps Graphic file (type eps)
 <NetInput.eps> [44

] [45

] [46

]
l. 210 Writing Manual.idv[12] (Manual11x.png)
File: DCM2NII.eps Graphic file (type eps)
 <DCM2NII.eps>
[47

] [48

] [49

]
l. 219 Writing Manual.idv[13] (Manual12x.png)
File: DeleteImage.eps Graphic file (type eps)
 <DeleteImage.eps> [50

] [51

] [52

]
l. 232 Writing Manual.idv[14] (Manual13x.png)
File: SliceTiming.eps Graphic file (type eps)
 <SliceTiming.eps> [53

] [54

]
[55

]
l. 244 Writing Manual.idv[15] (Manual14x.png)
File: HM.eps Graphic file (type eps)
 <HM.eps> [56

] [57] [58] [59

] [60

]
l. 251 Writing Manual.idv[16] (Manual15x.png)
File: NormalizeEPI.eps Graphic file (type eps)
 <NormalizeEPI.eps> [61

] [62

] [63

]
l. 265 Writing Manual.idv[17] (Manual16x.png)
File: Normalize.eps Graphic file (type eps)

<Normalize.eps> [64

] [65] [66

] [67] [68

]
l. 288 Writing Manual.idv[18] (Manual17x.png)
File: Smooth.eps Graphic file (type eps)
 <Smooth.eps> [69

] [70

] [71

]
l. 297 Writing Manual.idv[19] (Manual18x.png)
File: Detrend.eps Graphic file (type eps)

<Detrend.eps> [72

] [73

] [74

]
l. 307 Writing Manual.idv[20] (Manual19x.png)
File: Filter.eps Graphic file (type eps)
 <Filter.eps> [75

] [76

] [77

]
l. 317 Writing Manual.idv[21] (Manual20x.png)
File: Regressout.eps Graphic file (type eps)
 <Regressout.eps>
[78

] [79

] [80] [81

]
l. 343 Writing Manual.idv[22] (Manual21x.png)
File: VoxelDegree.eps Graphic file (type eps)
 <VoxelDegree.eps> [82

]
l. 356 Writing Manual.idv[23] (Manual22x.png)
File: VoxelDegreeResults.eps Graphic file (type eps)
 <VoxelDegreeResults.eps> [83

]
[84] [85] [86

]
l. 374 Writing Manual.idv[24] (Manual23x.png)
File: FC.eps Graphic file (type eps)
 <FC.eps> [87

] [88

] [89

]
l. 384 Writing Manual.idv[25] (Manual24x.png)
File: NetworkMetric.eps Graphic file (type eps)
 <NetworkMetric.eps> [90

] [91

] [92]
[93] [94

]
l. 411 Writing Manual.idv[26] (Manual25x.png)
File: Results.eps Graphic file (type eps)
 <Results.eps> [95

] [96] [97] [98

] [99

]
l. 418 Writing Manual.idv[27] (Manual26x.png)
File: SWMat.eps Graphic file (type eps)
 <SWMat.eps> [100

] [101]
[102]
l. 435 Writing Manual.idv[28] (Manual27x.png)
 [103

]
l. 442 Writing Manual.idv[29] (Manual28x.png)
 [104]
l. 449 Writing Manual.idv[30] (Manual29x.png)
l. 454 Writing Manual.idv[31] (Manual30x.png)
 [105]
l. 459 Writing Manual.idv[32] (Manual31x.png)
 [106] [107] [108

]
l. 475 Writing Manual.idv[33] (Manual32x.png)
File: EFFMat.eps Graphic file (type eps)
 <EFFMat.eps> [109

] [110] [111]
l. 492 Writing Manual.idv[34] (Manual33x.png)

[112

]
l. 499 Writing Manual.idv[35] (Manual34x.png)
 [113]
l. 506 Writing Manual.idv[36] (Manual35x.png)
l. 511 Writing Manual.idv[37] (Manual36x.png)
 [114]
l. 516 Writing Manual.idv[38] (Manual37x.png)
 [115] [116] [117

]
l. 532 Writing Manual.idv[39] (Manual38x.png)
File: RCMat.eps Graphic file (type eps)
 <RCMat.eps> [118

] [119

] [120

]
l. 550 Writing Manual.idv[40] (Manual39x.png)
File: MODMat.eps Graphic file (type eps)
 <MODMat.eps>
[121

]
l. 565 Writing Manual.idv[41] (Manual40x.png)
 [122

] [123] [124

]
l. 572 Writing Manual.idv[42] (Manual41x.png)
File: ASSMat.eps Graphic file (type eps)
 <ASSMat.eps> [125

]
l. 583 Writing Manual.idv[43] (Manual42x.png)
 [126

] [127

]
l. 590 Writing Manual.idv[44] (Manual43x.png)
File: HIEMat.eps Graphic file (type eps)
 <HIEMat.eps> [128

]
l. 601 Writing Manual.idv[45] (Manual44x.png)

[129

] [130

]
l. 608 Writing Manual.idv[46] (Manual45x.png)
File: SYNMat.eps Graphic file (type eps)
 <SYNMat.eps> [131

]
l. 619 Writing Manual.idv[47] (Manual46x.png)
 [132

] [133

]
l. 626 Writing Manual.idv[48] (Manual47x.png)
File: NodeDMat.eps Graphic file (type eps)
 <NodeDMat.eps> [134

] [135

] [136

]
l. 643 Writing Manual.idv[49] (Manual48x.png)
File: NodeEMat.eps Graphic file (type eps)

<NodeEMat.eps> [137

] [138

] [139

]
l. 660 Writing Manual.idv[50] (Manual49x.png)
File: NodeBMat.eps Graphic file (type eps)
 <NodeBMat.eps> [140

] [141

] [142

]
l. 678 Writing Manual.idv[51] (Manual50x.png)
File: SmallWorld.eps Graphic file (type eps)

<SmallWorld.eps> [143

] [144] [145]
l. 698 Writing Manual.idv[52] (Manual51x.png)
 [146

]
l. 704 Writing Manual.idv[53] (Manual52x.png)
 [147]
l. 710 Writing Manual.idv[54] (Manual53x.png)
l. 714 Writing Manual.idv[55] (Manual54x.png)
 [148]
l. 718 Writing Manual.idv[56] (Manual55x.png)
 [149] [150] [151

]
l. 741 Writing Manual.idv[57] (Manual56x.png)
File: Efficiency.eps Graphic file (type eps)

<Efficiency.eps> [152

] [153] [154]
l. 761 Writing Manual.idv[58] (Manual57x.png)
 [155

]
l. 767 Writing Manual.idv[59] (Manual58x.png)
 [156]
l. 773 Writing Manual.idv[60] (Manual59x.png)
l. 777 Writing Manual.idv[61] (Manual60x.png)
 [157]
l. 781 Writing Manual.idv[62] (Manual61x.png)
 [158] [159] [160

]
l. 804 Writing Manual.idv[63] (Manual62x.png)
File: RichClub.eps Graphic file (type eps)

<RichClub.eps> [161

] [162] [163] [164

] [165

]
l. 824 Writing Manual.idv[64] (Manual63x.png)
File: Modularity.eps Graphic file (type eps)
 <Modularity.eps> [166

] [167]
[168]
l. 839 Writing Manual.idv[65] (Manual64x.png)
 [169

] [170] [171

]
l. 846 Writing Manual.idv[66] (Manual65x.png)
File: Assortativity.eps Graphic file (type eps)
 <Assortativity.eps> [172

]
l. 857 Writing Manual.idv[67] (Manual66x.png)
 [173

] [174

]
l. 864 Writing Manual.idv[68] (Manual67x.png)
File: Hierarchy.eps Graphic file (type eps)
 <Hierarchy.eps>
[175

]
l. 875 Writing Manual.idv[69] (Manual68x.png)
 [176

] [177

]
l. 882 Writing Manual.idv[70] (Manual69x.png)
File: Synchronization.eps Graphic file (type eps)
 <Synchronization.eps> [178

]
l. 893 Writing Manual.idv[71] (Manual70x.png)
 [179

] [180] [181

]
l. 900 Writing Manual.idv[72] (Manual71x.png)
File: NodeDegree.eps Graphic file (type eps)

<NodeDegree.eps> [182

] [183] [184] [185

] [186

]
l. 921 Writing Manual.idv[73] (Manual72x.png)
File: NodeEfficiency.eps Graphic file (type eps)
 <NodeEfficiency.eps> [187

]
[188] [189] [190

] [191

]
l. 942 Writing Manual.idv[74] (Manual73x.png)
File: NodeBetweenness.eps Graphic file (type eps)
 <NodeBetweenness.eps> [192

] [193] [194] [195

] [196]
[197

]
l. 967 Writing Manual.idv[75] (Manual74x.png)
File: StatOneSample.eps Graphic file (type eps)
 <StatOneSample.eps> [198

] [199] [200

] [201

]
l. 988 Writing Manual.idv[76] (Manual75x.png)
File: StatTwoSample.eps Graphic file (type eps)
 <StatTwoSample.eps> [202

]
[203] [204

] [205

]
l. 1020 Writing Manual.idv[77] (Manual76x.png)
File: StatPaired.eps Graphic file (type eps)
 <StatPaired.eps> [206

] [207] [208

] [209

]
l. 1052 Writing Manual.idv[78] (Manual77x.png)
File: StatANCOVA.eps Graphic file (type eps)
 <StatANCOVA.eps>
[210

] [211] [212

] [213

]
l. 1072 Writing Manual.idv[79] (Manual78x.png)
File: StatANCOVA_Repeated.eps Graphic file (type eps)
 <StatANCOVA_Repeated.eps> [214

] [215] [216

] [217

]
l. 1092 Writing Manual.idv[80] (Manual79x.png)
File: StatCorr.eps Graphic file (type eps)

<StatCorr.eps> [218

] [219] [220

] [221

]
l. 1117 Writing Manual.idv[81] (Manual80x.png)
File: StatOutput.eps Graphic file (type eps)
 <StatOutput.eps> [222

] [223

] [224

]
l. 1134 Writing Manual.idv[82] (Manual81x.png)
File: EdgeAveraged.eps Graphic file (type eps)

<EdgeAveraged.eps> [225

] [226] [227] [228

] [229

]
l. 1152 Writing Manual.idv[83] (Manual82x.png)
File: EdgeBackbone.eps Graphic file (type eps)
 <EdgeBackbone.eps> [230

]
[231] [232] [233

] [234

]
l. 1167 Writing Manual.idv[84] (Manual83x.png)
File: EdgeOneSample.eps Graphic file (type eps)
 <EdgeOneSample.eps> [235

] [236] [237] [238

] [239]
[240

]
l. 1188 Writing Manual.idv[85] (Manual84x.png)
File: EdgeTwoSample.eps Graphic file (type eps)
 <EdgeTwoSample.eps> [241

] [242] [243] [244

]
Package atveryend Info: Empty hook `BeforeClearDocument' on input line 1208.
 [245]
Package atveryend Info: Empty hook `AfterLastShipout' on input line 1208.
 (./Manual.aux)
Package atveryend Info: Empty hook `AtVeryEndDocument' on input line 1208.
Package atveryend Info: Empty hook `AtEndAfterFileList' on input line 1208.
Package atveryend Info: Empty hook `AtVeryVeryEnd' on input line 1208.
 ) 
Here is how much of TeX's memory you used:
 11915 strings out of 493055
 158284 string characters out of 6140612
 380106 words of memory out of 5000000
 15131 multiletter control sequences out of 15000+600000
 12210 words of font info for 46 fonts, out of 8000000 for 9000
 1141 hyphenation exceptions out of 8191
 37i,6n,38p,723b,994s stack positions out of 5000i,500n,10000p,200000b,80000s

Output written on Manual.dvi (245 pages, 195776 bytes).
